2026-06-21 17:33:50+0300 [-] Log opened.
2026-06-21 17:33:50+0300 [-] registered capabilities (classes):
2026-06-21 17:33:50+0300 [-]  - <class 'rosbridge_library.capabilities.call_service.CallService'>
2026-06-21 17:33:50+0300 [-]  - <class 'rosbridge_library.capabilities.advertise.Advertise'>
2026-06-21 17:33:50+0300 [-]  - <class 'rosbridge_library.capabilities.publish.Publish'>
2026-06-21 17:33:50+0300 [-]  - <class 'rosbridge_library.capabilities.subscribe.Subscribe'>
2026-06-21 17:33:50+0300 [-]  - <class 'rosbridge_library.capabilities.defragmentation.Defragment'>
2026-06-21 17:33:50+0300 [-]  - <class 'rosbridge_library.capabilities.advertise_service.AdvertiseService'>
2026-06-21 17:33:50+0300 [-]  - <class 'rosbridge_library.capabilities.service_response.ServiceResponse'>
2026-06-21 17:33:50+0300 [-]  - <class 'rosbridge_library.capabilities.unadvertise_service.UnadvertiseService'>
2026-06-21 17:33:50+0300 [-] [WARN] [1782052430.785074, 0.000000]: Unable to start server: Couldn't listen on any:9090: [Errno 98] Address already in use. Retrying in 5s.
2026-06-21 17:33:56+0300 [-] [WARN] [1782052436.801651, 13.272000]: Unable to start server: Couldn't listen on any:9090: [Errno 98] Address already in use. Retrying in 5s.
2026-06-21 17:34:03+0300 [-] [WARN] [1782052443.313659, 18.272000]: Unable to start server: Couldn't listen on any:9090: [Errno 98] Address already in use. Retrying in 5s.
2026-06-21 17:34:10+0300 [-] [WARN] [1782052450.562665, 23.272000]: Unable to start server: Couldn't listen on any:9090: [Errno 98] Address already in use. Retrying in 5s.
2026-06-21 17:34:17+0300 [-] WebSocketServerFactory starting on 9090
2026-06-21 17:34:17+0300 [-] Starting factory <autobahn.twisted.websocket.WebSocketServerFactory object at 0x7fb2a055adf0>
2026-06-21 17:34:17+0300 [-] [INFO] [1782052457.416789, 28.272000]: Rosbridge WebSocket server started at ws://0.0.0.0:9090
2026-06-21 17:35:17+0300 [-] [INFO] [1782052517.163537, 70.916000]: Client connected.  1 clients total.
2026-06-21 17:35:18+0300 [-] [INFO] [1782052518.138202, 71.724000]: [Client 0] Subscribed to /buildings
2026-06-21 17:35:18+0300 [-] [INFO] [1782052518.159317, 71.724000]: [Client 0] Subscribed to /mission/status
